-------------------------------------------------------------------------------
Test set: Search and Place the order for Products
-------------------------------------------------------------------------------
Tests run: 3, Failures: 1, Errors: 0, Skipped: 0, Time elapsed: 59.86 sec <<< FAILURE! - in Search and Place the order for Products
Search Experience for product search in both home and offers page using Scenario outline #3(Search and Place the order for Products)  Time elapsed: 17.248 sec  <<< FAILURE!
org.junit.ComparisonFailure: expected:<[Beetroot]> but was:<[No data]>

