<?xml version="1.0" encoding="UTF-8"?>
<testsuite xmlns:xsi="http://www.w3.org/2001/XMLSchema-instance" xsi:schemaLocation="https://maven.apache.org/surefire/maven-surefire-plugin/xsd/surefire-test-report.xsd" name="TestSuite" time="18.111" tests="3" errors="0" skipped="0" failures="0">
  <properties>
[...]
</properties>
  <testcase name="runScenario" classname="cucumberOptions.TestNGTestRunner" time="16.192"/>
  <testcase name="runScenario" classname="cucumberOptions.TestNGTestRunner" time="16.558"/>
  <testcase name="runScenario" classname="cucumberOptions.TestNGTestRunner" time="16.574"/>
</testsuite>