<?xml version="1.0" encoding="UTF-8"?>
<testsuite xmlns:xsi="http://www.w3.org/2001/XMLSchema-instance" xsi:schemaLocation="https://maven.apache.org/surefire/maven-surefire-plugin/xsd/surefire-test-report.xsd" name="Search and Place the order for Products" time="59.86" tests="3" errors="0" skipped="0" failures="1">
  <properties>
[...]
</properties>
  <testcase name="Search Experience for product search in both home and offers page using Scenario outline #1" classname="Search and Place the order for Products" time="21.56"/>
  <testcase name="Search Experience for product search in both home and offers page using Scenario outline #2" classname="Search and Place the order for Products" time="21.052"/>
  <testcase name="Search Experience for product search in both home and offers page using Scenario outline #3" classname="Search and Place the order for Products" time="17.248">
    <failure message="expected:&lt;[Beetroot]&gt; but was:&lt;[No data]&gt;" type="org.junit.ComparisonFailure"><![CDATA[org.junit.ComparisonFailure: expected:<[Beetroot]> but was:<[No data]>
]]></failure>
    <system-out><![CDATA[Beetroot is Extracted from Homepage
]]></system-out>
    <system-err><![CDATA[Jan 05, 2024 5:35:48 PM org.openqa.selenium.devtools.CdpVersionFinder findNearestMatch
WARNING: Unable to find CDP implementation matching 120
Jan 05, 2024 5:35:48 PM org.openqa.selenium.chromium.ChromiumDriver lambda$new$5
WARNING: Unable to find version of CDP to use for 120.0.2210.91. You may need to include a dependency on a specific version of the CDP using something similar to `org.seleniumhq.selenium:selenium-devtools-v86:4.11.0` where the version ("v86") matches the version of the chromium-based browser you're using and the version number of the artifact is the same as Selenium's.
]]></system-err>
  </testcase>
</testsuite>